<?xml version="1.0" encoding="UTF-8"?>
<!-- Generated by org.testng.reporters.JUnitReportReporter -->
<testsuite hostname="LAPTOP-OKJ1VVIP" failures="0" tests="1" name="repopack.classrepo" time="22.849" errors="0" timestamp="2024-07-31T18:50:05 IST" skipped="0">
  <testcase classname="repopack.classrepo" name="f" time="22.849"/>
</testsuite> <!-- repopack.classrepo -->
