<?xml version="1.0" encoding="UTF-8"?>
<!-- Generated by org.testng.reporters.JUnitReportReporter -->
<testsuite hostname="LAPTOP-OKJ1VVIP" failures="0" tests="1" name="repopack.classrepo" time="23.346" errors="0" timestamp="2024-07-31T18:41:34 IST" skipped="0">
  <testcase classname="repopack.classrepo" name="f" time="23.346"/>
</testsuite> <!-- repopack.classrepo -->
