<?xml version="1.0" encoding="UTF-8"?>
<!-- Generated by org.testng.reporters.JUnitReportReporter -->
<testsuite hostname="LAPTOP-OKJ1VVIP" failures="0" tests="1" name="repopack.NewTest" time="0.010" errors="0" timestamp="2024-07-31T19:31:01 IST" skipped="0">
  <testcase classname="repopack.NewTest" name="f" time="0.010"/>
</testsuite> <!-- repopack.NewTest -->
